<?xml version="1.0" encoding="UTF-8"?>
<testsuite name="com.example.helloworld.resources.ProtectedResourceTest" time="0.018" tests="1" errors="1" skipped="0" failures="0">
  <properties>
[...]
</properties>
  <testcase name="com.example.helloworld.resources.ProtectedResourceTest" classname="com.example.helloworld.resources.ProtectedResourceTest" time="0.018">
    <error message="java.net.BindException: Address already in use: bind" type="org.glassfish.jersey.test.spi.TestContainerException">org.glassfish.jersey.test.spi.TestContainerException: java.net.BindException: Address already in use: bind
	at org.glassfish.jersey.test.grizzly.GrizzlyWebTestContainerFactory$GrizzlyWebTestContainer.start(GrizzlyWebTestContainerFactory.java:145)
	at org.glassfish.jersey.test.JerseyTest.setUp(JerseyTest.java:613)
	at io.dropwizard.testing.junit.ResourceTestRule$1.evaluate(ResourceTestRule.java:173)
	at org.junit.rules.RunRules.evaluate(RunRules.java:20)
	at org.junit.runners.ParentRunner.run(ParentRunner.java:363)
	at org.apache.maven.surefire.junit4.JUnit4Provider.execute(JUnit4Provider.java:283)
	at org.apache.maven.surefire.junit4.JUnit4Provider.executeWithRerun(JUnit4Provider.java:173)
	at org.apache.maven.surefire.junit4.JUnit4Provider.executeTestSet(JUnit4Provider.java:153)
	at org.apache.maven.surefire.junit4.JUnit4Provider.invoke(JUnit4Provider.java:128)
	at org.apache.maven.surefire.booter.ForkedBooter.invokeProviderInSameClassLoader(ForkedBooter.java:203)
	at org.apache.maven.surefire.booter.ForkedBooter.runSuitesInProcess(ForkedBooter.java:155)
	at org.apache.maven.surefire.booter.ForkedBooter.main(ForkedBooter.java:103)
Caused by: java.net.BindException: Address already in use: bind
	at sun.nio.ch.Net.bind0(Native Method)
	at sun.nio.ch.Net.bind(Net.java:433)
	at sun.nio.ch.Net.bind(Net.java:425)
	at sun.nio.ch.ServerSocketChannelImpl.bind(ServerSocketChannelImpl.java:223)
	at sun.nio.ch.ServerSocketAdaptor.bind(ServerSocketAdaptor.java:74)
	at org.glassfish.grizzly.nio.transport.TCPNIOBindingHandler.bindToChannelAndAddress(TCPNIOBindingHandler.java:131)
	at org.glassfish.grizzly.nio.transport.TCPNIOBindingHandler.bind(TCPNIOBindingHandler.java:88)
	at org.glassfish.grizzly.nio.transport.TCPNIOTransport.bind(TCPNIOTransport.java:248)
	at org.glassfish.grizzly.nio.transport.TCPNIOTransport.bind(TCPNIOTransport.java:228)
	at org.glassfish.grizzly.nio.transport.TCPNIOTransport.bind(TCPNIOTransport.java:219)
	at org.glassfish.grizzly.http.server.NetworkListener.start(NetworkListener.java:714)
	at org.glassfish.grizzly.http.server.HttpServer.start(HttpServer.java:278)
	at org.glassfish.jersey.test.grizzly.GrizzlyWebTestContainerFactory$GrizzlyWebTestContainer.start(GrizzlyWebTestContainerFactory.java:136)
	at org.glassfish.jersey.test.JerseyTest.setUp(JerseyTest.java:613)
	at io.dropwizard.testing.junit.ResourceTestRule$1.evaluate(ResourceTestRule.java:173)
	at org.junit.rules.RunRules.evaluate(RunRules.java:20)
	at org.junit.runners.ParentRunner.run(ParentRunner.java:363)
	at org.apache.maven.surefire.junit4.JUnit4Provider.execute(JUnit4Provider.java:283)
	at org.apache.maven.surefire.junit4.JUnit4Provider.executeWithRerun(JUnit4Provider.java:173)
	at org.apache.maven.surefire.junit4.JUnit4Provider.executeTestSet(JUnit4Provider.java:153)
	at org.apache.maven.surefire.junit4.JUnit4Provider.invoke(JUnit4Provider.java:128)
	at org.apache.maven.surefire.booter.ForkedBooter.invokeProviderInSameClassLoader(ForkedBooter.java:203)
	at org.apache.maven.surefire.booter.ForkedBooter.runSuitesInProcess(ForkedBooter.java:155)
	at org.apache.maven.surefire.booter.ForkedBooter.main(ForkedBooter.java:103)
</error>
  </testcase>
</testsuite>