<?xml version="1.0" encoding="UTF-8" ?>
<testsuite tests="157" failures="0" name="org.springframework.data.jpa.repository.JavaConfigUserRepositoryTests" time="4.632" errors="0" skipped="2">
  <properties>
[...]
</properties>
  <testcase classname="org.springframework.data.jpa.repository.JavaConfigUserRepositoryTests" name="doesNotPickUpJpaRepository" time="1.46"/>
  <testcase classname="org.springframework.data.jpa.repository.JavaConfigUserRepositoryTests" name="executesCombinedSpecificationsCorrectly" time="0.039"/>
  <testcase classname="org.springframework.data.jpa.repository.JavaConfigUserRepositoryTests" name="bindsSortingToOuterJoinCorrectly" time="0.034"/>
  <testcase classname="org.springframework.data.jpa.repository.JavaConfigUserRepositoryTests" name="testCascadesPersisting" time="0.025"/>
  <testcase classname="org.springframework.data.jpa.repository.JavaConfigUserRepositoryTests" name="deletesAUserById" time="0.03"/>
  <testcase classname="org.springframework.data.jpa.repository.JavaConfigUserRepositoryTests" name="deleteByShouldReturnListOfDeletedElementsWhenRetunTypeIsCollectionLike" time="0.024"/>
  <testcase classname="org.springframework.data.jpa.repository.JavaConfigUserRepositoryTests" name="find3YoungestUsersPageableWithPageSize2" time="0.027"/>
  <testcase classname="org.springframework.data.jpa.repository.JavaConfigUserRepositoryTests" name="findByEmptyArrayOfIntegers" time="0.022"/>
  <testcase classname="org.springframework.data.jpa.repository.JavaConfigUserRepositoryTests" name="executesFinderWithAfterKeywordCorrectly" time="0.021"/>
  <testcase classname="org.springframework.data.jpa.repository.JavaConfigUserRepositoryTests" name="sortByAssociationPropertyInPageableShouldUseLeftOuterJoin" time="0.024"/>
  <testcase classname="org.springframework.data.jpa.repository.JavaConfigUserRepositoryTests" name="find3YoungestUsersPageableWithPageSize2Sliced" time="0.022"/>
  <testcase classname="org.springframework.data.jpa.repository.JavaConfigUserRepositoryTests" name="shouldFindUsersInNativeQueryWithPagination" time="0.06"/>
  <testcase classname="org.springframework.data.jpa.repository.JavaConfigUserRepositoryTests" name="executesPagedSpecificationsWithSortCorrectly" time="0.021"/>
  <testcase classname="org.springframework.data.jpa.repository.JavaConfigUserRepositoryTests" name="shouldfindUsersByFirstnameForSpELExpressionWithParameterNameVariableReference" time="0.021"/>
  <testcase classname="org.springframework.data.jpa.repository.JavaConfigUserRepositoryTests" name="throwsExceptionForUnderSpecifiedSingleEntitySpecification" time="0.018"/>
  <testcase classname="org.springframework.data.jpa.repository.JavaConfigUserRepositoryTests" name="findBinaryDataByIdJpaQl" time="0.018">
    <skipped/>
  </testcase>
  <testcase classname="org.springframework.data.jpa.repository.JavaConfigUserRepositoryTests" name="invokesQueryWithVarargsParametersCorrectly" time="0.022"/>
  <testcase classname="org.springframework.data.jpa.repository.JavaConfigUserRepositoryTests" name="deleteByShouldReturnZeroInCaseNoEntityHasBeenRemovedAndReturnTypeIsNumber" time="0.033"/>
  <testcase classname="org.springframework.data.jpa.repository.JavaConfigUserRepositoryTests" name="findByAgeWithEmptyArrayOfIntegersOrFirstName" time="0.018"/>
  <testcase classname="org.springframework.data.jpa.repository.JavaConfigUserRepositoryTests" name="sortByAssociationPropertyShouldUseLeftOuterJoin" time="0.019"/>
  <testcase classname="org.springframework.data.jpa.repository.JavaConfigUserRepositoryTests" name="testCreation" time="0.017"/>
  <testcase classname="org.springframework.data.jpa.repository.JavaConfigUserRepositoryTests" name="executesPagedSpecificationsCorrectly" time="0.018"/>
  <testcase classname="org.springframework.data.jpa.repository.JavaConfigUserRepositoryTests" name="shouldFindCurrentUserWithCustomQueryDependingOnSecurityContext" time="0.021"/>
  <testcase classname="org.springframework.data.jpa.repository.JavaConfigUserRepositoryTests" name="existReturnsWhetherAnEntityCanBeLoaded" time="0.017"/>
  <testcase classname="org.springframework.data.jpa.repository.JavaConfigUserRepositoryTests" name="findAllByExampleWithEmptyProbe" time="0.028"/>
  <testcase classname="org.springframework.data.jpa.repository.JavaConfigUserRepositoryTests" name="readsPageWithGroupByClauseCorrectly" time="0.02"/>
  <testcase classname="org.springframework.data.jpa.repository.JavaConfigUserRepositoryTests" name="doesNotDropNullValuesOnPagedSpecificationExecution" time="0.023"/>
  <testcase classname="org.springframework.data.jpa.repository.JavaConfigUserRepositoryTests" name="shouldGenerateLeftOuterJoinInfindAllWithPaginationAndSortOnNestedPropertyPath" time="0.021"/>
  <testcase classname="org.springframework.data.jpa.repository.JavaConfigUserRepositoryTests" name="testReadByIdReturnsNullForNotFoundEntities" time="0.019"/>
  <testcase classname="org.springframework.data.jpa.repository.JavaConfigUserRepositoryTests" name="executesAnnotatedCollectionMethodCorrectly" time="0.019">
    <skipped/>
  </testcase>
  <testcase classname="org.springframework.data.jpa.repository.JavaConfigUserRepositoryTests" name="findAllByNullExample" time="0.01"/>
  <testcase classname="org.springframework.data.jpa.repository.JavaConfigUserRepositoryTests" name="sortByNestedAssociationPropertyWithSortOrderIgnoreCaseInPageable" time="0.021"/>
  <testcase classname="org.springframework.data.jpa.repository.JavaConfigUserRepositoryTests" name="deleteColletionOfEntities" time="0.018"/>
  <testcase classname="org.springframework.data.jpa.repository.JavaConfigUserRepositoryTests" name="executesDerivedCountQueryToInt" time="0.018"/>
  <testcase classname="org.springframework.data.jpa.repository.JavaConfigUserRepositoryTests" name="findAllByExampleWithSort" time="0.021"/>
  <testcase classname="org.springframework.data.jpa.repository.JavaConfigUserRepositoryTests" name="testUsesQueryAnnotation" time="0.011"/>
  <testcase classname="org.springframework.data.jpa.repository.JavaConfigUserRepositoryTests" name="findAllByUntypedExampleShouldReturnSubTypesOfRepositoryEntity" time="0.019"/>
  <testcase classname="org.springframework.data.jpa.repository.JavaConfigUserRepositoryTests" name="deleteByShouldRemoveElementsMatchingDerivedQuery" time="0.018"/>
  <testcase classname="org.springframework.data.jpa.repository.JavaConfigUserRepositoryTests" name="executesFinderWithTrueKeywordCorrectly" time="0.027"/>
  <testcase classname="org.springframework.data.jpa.repository.JavaConfigUserRepositoryTests" name="testFindByLastname" time="0.019"/>
  <testcase classname="org.springframework.data.jpa.repository.JavaConfigUserRepositoryTests" name="testRead" time="0.015"/>
  <testcase classname="org.springframework.data.jpa.repository.JavaConfigUserRepositoryTests" name="testOverwritingFinder" time="0.01"/>
  <testcase classname="org.springframework.data.jpa.repository.JavaConfigUserRepositoryTests" name="executesLessThatOrEqualQueriesCorrectly" time="0.017"/>
  <testcase classname="org.springframework.data.jpa.repository.JavaConfigUserRepositoryTests" name="findBinaryDataByIdNative" time="0.031"/>
  <testcase classname="org.springframework.data.jpa.repository.JavaConfigUserRepositoryTests" name="executesFinderWithEndingWithCorrectly" time="0.029"/>
  <testcase classname="org.springframework.data.jpa.repository.JavaConfigUserRepositoryTests" name="executesManualQueryWithNamedLikeExpressionCorrectly" time="0.018"/>
  <testcase classname="org.springframework.data.jpa.repository.JavaConfigUserRepositoryTests" name="testExecutionOfProjectingMethod" time="0.018"/>
  <testcase classname="org.springframework.data.jpa.repository.JavaConfigUserRepositoryTests" name="findOneByExampleWithExcludedAttributes" time="0.02"/>
  <testcase classname="org.springframework.data.jpa.repository.JavaConfigUserRepositoryTests" name="findAllByExampleWithStringMatcherAndIgnoreCase" time="0.018"/>
  <testcase classname="org.springframework.data.jpa.repository.JavaConfigUserRepositoryTests" name="shouldFindUsersByAgeForSpELExpression" time="0.02"/>
  <testcase classname="org.springframework.data.jpa.repository.JavaConfigUserRepositoryTests" name="testFindByEmailAddress" time="0.017"/>
  <testcase classname="org.springframework.data.jpa.repository.JavaConfigUserRepositoryTests" name="executesNotLikeCorrectly" time="0.02"/>
  <testcase classname="org.springframework.data.jpa.repository.JavaConfigUserRepositoryTests" name="executesSingleEntitySpecificationCorrectly" time="0.028"/>
  <testcase classname="org.springframework.data.jpa.repository.JavaConfigUserRepositoryTests" name="executesNativeQueryCorrectly" time="0.019"/>
  <testcase classname="org.springframework.data.jpa.repository.JavaConfigUserRepositoryTests" name="executesFinderWithBeforeKeywordCorrectly" time="0.019"/>
  <testcase classname="org.springframework.data.jpa.repository.JavaConfigUserRepositoryTests" name="executesManuallyDefinedQueryWithFieldProjection" time="0.025"/>
  <testcase classname="org.springframework.data.jpa.repository.JavaConfigUserRepositoryTests" name="executesFinderWithOrderClauseOnly" time="0.02"/>
  <testcase classname="org.springframework.data.jpa.repository.JavaConfigUserRepositoryTests" name="findAllByExampleWithAssociation" time="0.022"/>
  <testcase classname="org.springframework.data.jpa.repository.JavaConfigUserRepositoryTests" name="executesLikeAndOrderByCorrectly" time="0.018"/>
  <testcase classname="org.springframework.data.jpa.repository.JavaConfigUserRepositoryTests" name="findAllByExampleShouldNotAllowCyclesOverSeveralInstances" time="0.015"/>
  <testcase classname="org.springframework.data.jpa.repository.JavaConfigUserRepositoryTests" name="invokesQueryWithWrapperType" time="0.017"/>
  <testcase classname="org.springframework.data.jpa.repository.JavaConfigUserRepositoryTests" name="customFindByQueryWithPositionalVarargsParameters" time="0.021"/>
  <testcase classname="org.springframework.data.jpa.repository.JavaConfigUserRepositoryTests" name="shouldFindUserByLastnameWithSpelExpressionInStringBasedQuery" time="0.018"/>
  <testcase classname="org.springframework.data.jpa.repository.JavaConfigUserRepositoryTests" name="executesPagedSpecificationWithSortCorrectly2" time="0.022"/>
  <testcase classname="org.springframework.data.jpa.repository.JavaConfigUserRepositoryTests" name="executesMethodWithAnnotatedNamedParametersCorrectly" time="0.011"/>
  <testcase classname="org.springframework.data.jpa.repository.JavaConfigUserRepositoryTests" name="findAllByTypedSpecialUserExampleShouldReturnSubTypesOfRepositoryEntity" time="0.02"/>
  <testcase classname="org.springframework.data.jpa.repository.JavaConfigUserRepositoryTests" name="findsAllByGivenIds" time="0.03"/>
  <testcase classname="org.springframework.data.jpa.repository.JavaConfigUserRepositoryTests" name="executesCombinedSpecificationsWithPageableCorrectly" time="0.012"/>
  <testcase classname="org.springframework.data.jpa.repository.JavaConfigUserRepositoryTests" name="shouldSupportModifyingQueryWithVarArgs" time="0.03"/>
  <testcase classname="org.springframework.data.jpa.repository.JavaConfigUserRepositoryTests" name="sortByEmbeddedProperty" time="0.035"/>
  <testcase classname="org.springframework.data.jpa.repository.JavaConfigUserRepositoryTests" name="executesSpecificationCorrectly" time="0.019"/>
  <testcase classname="org.springframework.data.jpa.repository.JavaConfigUserRepositoryTests" name="deleteAll" time="0.023"/>
  <testcase classname="org.springframework.data.jpa.repository.JavaConfigUserRepositoryTests" name="find2OldestUsers" time="0.022"/>
  <testcase classname="org.springframework.data.jpa.repository.JavaConfigUserRepositoryTests" name="allowsExecutingPageableMethodWithNullPageable" time="0.171"/>
  <testcase classname="org.springframework.data.jpa.repository.JavaConfigUserRepositoryTests" name="findAllByExampleWithIncludeNull" time="0.03"/>
  <testcase classname="org.springframework.data.jpa.repository.JavaConfigUserRepositoryTests" name="handlesIterableOfIdsCorrectly" time="0.018"/>
  <testcase classname="org.springframework.data.jpa.repository.JavaConfigUserRepositoryTests" name="testMergingCascadesCollegueas" time="0.017"/>
  <testcase classname="org.springframework.data.jpa.repository.JavaConfigUserRepositoryTests" name="executesFindByColleaguesLastnameCorrectly" time="0.026"/>
  <testcase classname="org.springframework.data.jpa.repository.JavaConfigUserRepositoryTests" name="executesFinderWithContainingCorrectly" time="0.02"/>
  <testcase classname="org.springframework.data.jpa.repository.JavaConfigUserRepositoryTests" name="executesMethodWithNamedParametersCorrectlyOnMethodsWithQueryCreation" time="0.013"/>
  <testcase classname="org.springframework.data.jpa.repository.JavaConfigUserRepositoryTests" name="executesDerivedCountQueryToLong" time="0.016"/>
  <testcase classname="org.springframework.data.jpa.repository.JavaConfigUserRepositoryTests" name="shouldfindUsersBySpELExpressionParametersWithSpelTemplateExpression" time="0.019"/>
  <testcase classname="org.springframework.data.jpa.repository.JavaConfigUserRepositoryTests" name="findByEmptyCollectionOfIntegers" time="0.015"/>
  <testcase classname="org.springframework.data.jpa.repository.JavaConfigUserRepositoryTests" name="shouldSupportJava8StreamsForRepositoryFinderMethods" time="0.06"/>
  <testcase classname="org.springframework.data.jpa.repository.JavaConfigUserRepositoryTests" name="returnsSamePageIfNoSpecGiven" time="0.026"/>
  <testcase classname="org.springframework.data.jpa.repository.JavaConfigUserRepositoryTests" name="findYoungestUser" time="0.017"/>
  <testcase classname="org.springframework.data.jpa.repository.JavaConfigUserRepositoryTests" name="find2YoungestUsers" time="0.014"/>
  <testcase classname="org.springframework.data.jpa.repository.JavaConfigUserRepositoryTests" name="findsUserByBinaryDataReference" time="0.027"/>
  <testcase classname="org.springframework.data.jpa.repository.JavaConfigUserRepositoryTests" name="shouldFindByFirstnameAndCurrentUserWithCustomQuery" time="0.016"/>
  <testcase classname="org.springframework.data.jpa.repository.JavaConfigUserRepositoryTests" name="findAllByTypedUserExampleShouldReturnSubTypesOfRepositoryEntity" time="0.018"/>
  <testcase classname="org.springframework.data.jpa.repository.JavaConfigUserRepositoryTests" name="executesManualQueryWithPositionLikeExpressionCorrectly" time="0.018"/>
  <testcase classname="org.springframework.data.jpa.repository.JavaConfigUserRepositoryTests" name="executesNativeQueryForNonEntitiesCorrectly" time="0.018"/>
  <testcase classname="org.springframework.data.jpa.repository.JavaConfigUserRepositoryTests" name="testInvocationOfCustomImplementation" time="0.009"/>
  <testcase classname="org.springframework.data.jpa.repository.JavaConfigUserRepositoryTests" name="findAllByExampleWithEndingStringMatcher" time="0.023"/>
  <testcase classname="org.springframework.data.jpa.repository.JavaConfigUserRepositoryTests" name="saveAndFlushShouldSupportReturningSubTypesOfRepositoryEntity" time="0.011"/>
  <testcase classname="org.springframework.data.jpa.repository.JavaConfigUserRepositoryTests" name="looksUpEntityReference" time="0.015"/>
  <testcase classname="org.springframework.data.jpa.repository.JavaConfigUserRepositoryTests" name="executesFindByNotNullLastnameCorrectly" time="0.019"/>
  <testcase classname="org.springframework.data.jpa.repository.JavaConfigUserRepositoryTests" name="findAllByExampleWithIgnoreCase" time="0.017"/>
  <testcase classname="org.springframework.data.jpa.repository.JavaConfigUserRepositoryTests" name="findPaginatedExplicitQueryWithCountQueryProjection" time="0.016"/>
  <testcase classname="org.springframework.data.jpa.repository.JavaConfigUserRepositoryTests" name="findsUsersBySpringDataNamedQuery" time="0.015"/>
  <testcase classname="org.springframework.data.jpa.repository.JavaConfigUserRepositoryTests" name="findsSortedByLastname" time="0.017"/>
  <testcase classname="org.springframework.data.jpa.repository.JavaConfigUserRepositoryTests" name="executesSimpleNotCorrectly" time="0.015"/>
  <testcase classname="org.springframework.data.jpa.repository.JavaConfigUserRepositoryTests" name="batchDeleteColletionOfEntities" time="0.021"/>
  <testcase classname="org.springframework.data.jpa.repository.JavaConfigUserRepositoryTests" name="find2YoungestUsersPageableWithPageSize3" time="0.017"/>
  <testcase classname="org.springframework.data.jpa.repository.JavaConfigUserRepositoryTests" name="executesFinderWithStartingWithCorrectly" time="0.02"/>
  <testcase classname="org.springframework.data.jpa.repository.JavaConfigUserRepositoryTests" name="shouldFindBySpELExpressionWithoutArgumentsWithColon" time="0.016"/>
  <testcase classname="org.springframework.data.jpa.repository.JavaConfigUserRepositoryTests" name="returnsAllSortedCorrectly" time="0.015"/>
  <testcase classname="org.springframework.data.jpa.repository.JavaConfigUserRepositoryTests" name="executesFindByNullLastnameCorrectly" time="0.016"/>
  <testcase classname="org.springframework.data.jpa.repository.JavaConfigUserRepositoryTests" name="findAllByExampleWithExcludedAttributes" time="0.014"/>
  <testcase classname="org.springframework.data.jpa.repository.JavaConfigUserRepositoryTests" name="testReadAll" time="0.023"/>
  <testcase classname="org.springframework.data.jpa.repository.JavaConfigUserRepositoryTests" name="returnsAllAsPageIfNoPageableIsGiven" time="0.008"/>
  <testcase classname="org.springframework.data.jpa.repository.JavaConfigUserRepositoryTests" name="deleteByShouldReturnEmptyListInCaseNoEntityHasBeenRemovedAndReturnTypeIsCollectionLike" time="0.031"/>
  <testcase classname="org.springframework.data.jpa.repository.JavaConfigUserRepositoryTests" name="executesQueryMethodWithDeepTraversalCorrectly" time="0.019"/>
  <testcase classname="org.springframework.data.jpa.repository.JavaConfigUserRepositoryTests" name="findAllByExample" time="0.014"/>
  <testcase classname="org.springframework.data.jpa.repository.JavaConfigUserRepositoryTests" name="findAllReturnsEmptyIterableIfNoIdsGiven" time="0.011"/>
  <testcase classname="org.springframework.data.jpa.repository.JavaConfigUserRepositoryTests" name="customFindByQueryWithNamedVarargsParameters" time="0.017"/>
  <testcase classname="org.springframework.data.jpa.repository.JavaConfigUserRepositoryTests" name="executesManipulatingQuery" time="0.016"/>
  <testcase classname="org.springframework.data.jpa.repository.JavaConfigUserRepositoryTests" name="shouldSupportJava8StreamsForRepositoryDerivedFinderMethods" time="0.015"/>
  <testcase classname="org.springframework.data.jpa.repository.JavaConfigUserRepositoryTests" name="findAllByExampleWithPropertySpecifier" time="0.017"/>
  <testcase classname="org.springframework.data.jpa.repository.JavaConfigUserRepositoryTests" name="find2YoungestUsersPageableWithPageSize3Sliced" time="0.014"/>
  <testcase classname="org.springframework.data.jpa.repository.JavaConfigUserRepositoryTests" name="ordersByReferencedEntityCorrectly" time="0.018"/>
  <testcase classname="org.springframework.data.jpa.repository.JavaConfigUserRepositoryTests" name="returnsSameListIfNoSpecGiven" time="0.014"/>
  <testcase classname="org.springframework.data.jpa.repository.JavaConfigUserRepositoryTests" name="findAllByExampleShouldNotAllowCycles" time="0.014"/>
  <testcase classname="org.springframework.data.jpa.repository.JavaConfigUserRepositoryTests" name="existsByExampleWithExcludedAttributes" time="0.014"/>
  <testcase classname="org.springframework.data.jpa.repository.JavaConfigUserRepositoryTests" name="savingNullCollectionIsNoOp" time="0.01"/>
  <testcase classname="org.springframework.data.jpa.repository.JavaConfigUserRepositoryTests" name="returnsNullIfNoEntityFoundForSingleEntitySpecification" time="0.014"/>
  <testcase classname="org.springframework.data.jpa.repository.JavaConfigUserRepositoryTests" name="executesNegatingSpecificationCorrectly" time="0.015"/>
  <testcase classname="org.springframework.data.jpa.repository.JavaConfigUserRepositoryTests" name="executesGreaterThatOrEqualQueriesCorrectly" time="0.015"/>
  <testcase classname="org.springframework.data.jpa.repository.JavaConfigUserRepositoryTests" name="savingEmptyCollectionIsNoOp" time="0.01"/>
  <testcase classname="org.springframework.data.jpa.repository.JavaConfigUserRepositoryTests" name="deleteByShouldReturnNumberOfEntitiesRemovedIfReturnTypeIsLong" time="0.014"/>
  <testcase classname="org.springframework.data.jpa.repository.JavaConfigUserRepositoryTests" name="removeDetachedObject" time="0.019"/>
  <testcase classname="org.springframework.data.jpa.repository.JavaConfigUserRepositoryTests" name="testDelete" time="0.018"/>
  <testcase classname="org.springframework.data.jpa.repository.JavaConfigUserRepositoryTests" name="shouldFindBySpELExpressionWithoutArgumentsWithQuestionmark" time="0.015"/>
  <testcase classname="org.springframework.data.jpa.repository.JavaConfigUserRepositoryTests" name="savesCollectionCorrectly" time="0.012"/>
  <testcase classname="org.springframework.data.jpa.repository.JavaConfigUserRepositoryTests" name="sortByNestedAssociationPropertyWithSortInPageable" time="0.038"/>
  <testcase classname="org.springframework.data.jpa.repository.JavaConfigUserRepositoryTests" name="findAllByExampleWithRegexStringMatcher" time="0.013"/>
  <testcase classname="org.springframework.data.jpa.repository.JavaConfigUserRepositoryTests" name="testCountsCorrectly" time="0.012"/>
  <testcase classname="org.springframework.data.jpa.repository.JavaConfigUserRepositoryTests" name="shouldFindUserByFirstnameAndLastnameWithSpelExpressionInStringBasedQuery" time="0.014"/>
  <testcase classname="org.springframework.data.jpa.repository.JavaConfigUserRepositoryTests" name="findAllByExampleWithEmbedded" time="0.016"/>
  <testcase classname="org.springframework.data.jpa.repository.JavaConfigUserRepositoryTests" name="findAllByExampleWithPageable" time="0.051"/>
  <testcase classname="org.springframework.data.jpa.repository.JavaConfigUserRepositoryTests" name="returnsAllIgnoreCaseSortedCorrectly" time="0.018"/>
  <testcase classname="org.springframework.data.jpa.repository.JavaConfigUserRepositoryTests" name="shouldfindUsersByFirstnameForSpELExpressionOnlyWithParameterIndexReference" time="0.012"/>
  <testcase classname="org.springframework.data.jpa.repository.JavaConfigUserRepositoryTests" name="countByExampleWithExcludedAttributes" time="0.017"/>
  <testcase classname="org.springframework.data.jpa.repository.JavaConfigUserRepositoryTests" name="testUpdate" time="0.014"/>
  <testcase classname="org.springframework.data.jpa.repository.JavaConfigUserRepositoryTests" name="deleteAllInBatch" time="0.015"/>
  <testcase classname="org.springframework.data.jpa.repository.JavaConfigUserRepositoryTests" name="shouldfindUsersByFirstnameForSpELExpressionOnlyWithParameterNameVariableReference" time="0.013"/>
  <testcase classname="org.springframework.data.jpa.repository.JavaConfigUserRepositoryTests" name="deleteEmptyCollectionDoesNotDeleteAnything" time="0.015"/>
  <testcase classname="org.springframework.data.jpa.repository.JavaConfigUserRepositoryTests" name="returnsSameListIfNoSortIsGiven" time="0.014"/>
  <testcase classname="org.springframework.data.jpa.repository.JavaConfigUserRepositoryTests" name="findByElementCollectionAttribute" time="0.018"/>
  <testcase classname="org.springframework.data.jpa.repository.JavaConfigUserRepositoryTests" name="testPreventsCascadingRolePersisting" time="0.011"/>
  <testcase classname="org.springframework.data.jpa.repository.JavaConfigUserRepositoryTests" name="findAllByExampleWithStartingStringMatcher" time="0.015"/>
  <testcase classname="org.springframework.data.jpa.repository.JavaConfigUserRepositoryTests" name="testFinderInvocationWithNullParameter" time="0.014"/>
  <testcase classname="org.springframework.data.jpa.repository.JavaConfigUserRepositoryTests" name="findOldestUser" time="0.015"/>
  <testcase classname="org.springframework.data.jpa.repository.JavaConfigUserRepositoryTests" name="findPaginatedNamedQueryWithCountQueryProjection" time="0.014"/>
  <testcase classname="org.springframework.data.jpa.repository.JavaConfigUserRepositoryTests" name="executesFinderWithFalseKeywordCorrectly" time="0.013"/>
  <testcase classname="org.springframework.data.jpa.repository.JavaConfigUserRepositoryTests" name="findByEmptyCollectionOfStrings" time="0.013"/>
  <testcase classname="org.springframework.data.jpa.repository.JavaConfigUserRepositoryTests" name="supportsJava8StreamForPageableMethod" time="0.013"/>
</testsuite>